[debug] [2018-01-21T10:32:49.975Z] ----------------------------------------------------------------------
[debug] [2018-01-21T10:32:49.977Z] Command:       C:\Program Files\nodejs\node.exe C:\Users\salou\AppData\Roaming\npm\node_modules\firebase-tools\bin\firebase deploy
[debug] [2018-01-21T10:32:49.978Z] CLI Version:   3.17.3
[debug] [2018-01-21T10:32:49.978Z] Platform:      win32
[debug] [2018-01-21T10:32:49.978Z] Node Version:  v8.9.4
[debug] [2018-01-21T10:32:49.978Z] Time:          Sun Jan 21 2018 05:32:49 GMT-0500 (Eastern Standard Time)
[debug] [2018-01-21T10:32:49.978Z] ----------------------------------------------------------------------
[debug] 
[debug] [2018-01-21T10:32:49.991Z] > command requires scopes: ["email","openid","https://www.googleapis.com/auth/cloudplatformprojects.readonly","https://www.googleapis.com/auth/firebase","https://www.googleapis.com/auth/cloud-platform"]
[debug] [2018-01-21T10:32:49.991Z] > authorizing via signed-in user
[debug] [2018-01-21T10:32:49.994Z] > refreshing access token with scopes: ["email","https://www.googleapis.com/auth/cloud-platform","https://www.googleapis.com/auth/cloudplatformprojects.readonly","https://www.googleapis.com/auth/firebase","openid"]
[debug] [2018-01-21T10:32:49.994Z] >>> HTTP REQUEST POST https://www.googleapis.com/oauth2/v3/token  
 { refresh_token: '1/nfh4yU3gbr7tSf9l6U-K9JpKBn6AVnbaJ3Xqa9Fmm3k',
  client_id: '563584335869-fgrhgmd47bqnekij5i8b5pr03ho849e6.apps.googleusercontent.com',
  client_secret: 'j9iVZfS8kkCEFUPaAeJV0sAi',
  grant_type: 'refresh_token',
  scope: 'email https://www.googleapis.com/auth/cloud-platform https://www.googleapis.com/auth/cloudplatformprojects.readonly https://www.googleapis.com/auth/firebase openid' } 
 Sun Jan 21 2018 05:32:49 GMT-0500 (Eastern Standard Time)
[debug] [2018-01-21T10:32:50.190Z] <<< HTTP RESPONSE 200
[debug] [2018-01-21T10:32:50.200Z] >>> HTTP REQUEST GET https://admin.firebase.com/v1/projects/hackatown-2018-c3848  
  
 Sun Jan 21 2018 05:32:50 GMT-0500 (Eastern Standard Time)
[debug] [2018-01-21T10:32:50.580Z] <<< HTTP RESPONSE 200
[debug] [2018-01-21T10:32:50.582Z] >>> HTTP REQUEST GET https://admin.firebase.com/v1/database/hackatown-2018-c3848/tokens  
  
 Sun Jan 21 2018 05:32:50 GMT-0500 (Eastern Standard Time)
[debug] [2018-01-21T10:32:50.891Z] <<< HTTP RESPONSE 200
